26-01-2023 14:08:34 :: INFO :: Création des dossier pour Montpellier
26-01-2023 14:08:34 :: INFO :: Création du dossier Documents_SRC

26-01-2023 14:08:34 :: INFO :: Lecture de keywords.txt ... 

26-01-2023 14:08:34 :: INFO :: Début de la recherche de document concernant la ville de Montpellier
26-01-2023 14:08:34 :: INFO :: Génération des requêtes
26-01-2023 14:08:38 :: INFO :: Nouvelle requête : "Montpellier" AND danger	

26-01-2023 14:08:38 :: INFO :: URL : https://sacavoyage.fr/montpellier-ville-dangereuse-quartiers-a-eviter-a-montpellier/

26-01-2023 14:08:39 :: INFO :: Document sauvegardé.
26-01-2023 14:08:39 :: INFO :: Document web converti en texte brut.
26-01-2023 14:08:39 :: INFO :: Texte nettoyé.

26-01-2023 14:08:41 :: INFO :: Document inséré dans l'inventaire.

26-01-2023 14:08:41 :: INFO :: URL : https://www.belle-deco.fr/quels-sont-les-quartiers-a-eviter-a-montpellier/

26-01-2023 14:08:42 :: INFO :: Document sauvegardé.
26-01-2023 14:08:42 :: INFO :: Document web converti en texte brut.
26-01-2023 14:08:42 :: INFO :: Texte nettoyé.

26-01-2023 14:08:42 :: INFO :: Document inséré dans l'inventaire.

26-01-2023 14:08:42 :: INFO :: URL : https://actu.fr/occitanie/montpellier_34172/montpellier-le-danger-de-s-accrocher-ivre-a-un-tramway-en-marche_49445323.html

26-01-2023 14:12:29 :: INFO :: Lecture de keywords.txt ... 

26-01-2023 14:12:29 :: INFO :: Début de la recherche de document concernant la ville de Montpellier
26-01-2023 14:12:29 :: INFO :: Génération des requêtes
26-01-2023 14:12:32 :: INFO :: Nouvelle requête : "Montpellier" AND danger	

26-01-2023 14:12:32 :: INFO :: URL : https://www.belle-deco.fr/quels-sont-les-quartiers-a-eviter-a-montpellier/#Est-ce-que-tous-les-quartiers-de-Montpellier-sont-dangereux

26-01-2023 14:12:33 :: INFO :: Document sauvegardé.
26-01-2023 14:12:33 :: INFO :: Document web converti en texte brut.
26-01-2023 14:12:33 :: INFO :: Texte nettoyé.

26-01-2023 14:15:59 :: INFO :: Lecture de keywords.txt ... 

26-01-2023 14:15:59 :: INFO :: Début de la recherche de document concernant la ville de Montpellier
26-01-2023 14:15:59 :: INFO :: Génération des requêtes
26-01-2023 14:16:02 :: INFO :: Nouvelle requête : "Montpellier" AND danger	

26-01-2023 14:16:02 :: INFO :: URL : https://www.chu-montpellier.fr/fileadmin/medias/Publications/Groupe-Enfance-En-Danger-GED.pdf

26-01-2023 14:16:03 :: INFO :: Document sauvegardé.
26-01-2023 14:16:04 :: INFO :: Document PDF converti en texte brut.
26-01-2023 14:16:04 :: INFO :: Texte nettoyé.

26-01-2023 14:16:06 :: INFO :: Document inséré dans l'inventaire.

26-01-2023 14:16:06 :: INFO :: URL : https://www.belle-deco.fr/quels-sont-les-quartiers-a-eviter-a-montpellier/#Est-ce-que-tous-les-quartiers-de-Montpellier-sont-dangereux

26-01-2023 14:16:06 :: INFO :: Le document existe déjà.

26-01-2023 14:16:06 :: INFO :: URL : https://actu.fr/occitanie/montpellier_34172/montpellier-danger-a-montpellier-34-des-pietons-voient-rouge_46386467.html

26-01-2023 14:16:06 :: INFO :: Document sauvegardé.
26-01-2023 14:16:06 :: INFO :: Document web converti en texte brut.
26-01-2023 14:16:06 :: INFO :: Texte nettoyé.

26-01-2023 14:16:06 :: INFO :: Document inséré dans l'inventaire.

26-01-2023 14:16:06 :: INFO :: URL : https://sacavoyage.fr/montpellier-ville-dangereuse-quartiers-a-eviter-a-montpellier/

26-01-2023 14:16:06 :: INFO :: Le document existe déjà.

26-01-2023 14:16:06 :: INFO :: URL : https://www.montpellier.fr/4480-gaz-hilarant.htm

26-01-2023 14:16:07 :: INFO :: Document sauvegardé.
26-01-2023 14:16:07 :: INFO :: Document web converti en texte brut.
26-01-2023 14:16:07 :: INFO :: Texte nettoyé.

26-01-2023 14:16:07 :: INFO :: Document inséré dans l'inventaire.

26-01-2023 14:16:07 :: INFO :: URL : https://www.belle-deco.fr/quels-sont-les-quartiers-a-eviter-a-montpellier/#Les-points-noirs-de-la-ville-de-Montpellier

26-01-2023 14:16:07 :: INFO :: Document sauvegardé.
26-01-2023 14:16:08 :: INFO :: Document web converti en texte brut.
26-01-2023 14:16:08 :: INFO :: Texte nettoyé.

26-01-2023 14:16:08 :: INFO :: Document inséré dans l'inventaire.

26-01-2023 14:16:08 :: INFO :: URL : https://actu.fr/occitanie/montpellier_34172/montpellier-le-danger-de-s-accrocher-ivre-a-un-tramway-en-marche_49445323.html

26-01-2023 14:16:08 :: INFO :: Document sauvegardé.
26-01-2023 14:16:08 :: INFO :: Document web converti en texte brut.
26-01-2023 14:16:08 :: INFO :: Texte nettoyé.

26-01-2023 14:16:08 :: INFO :: Document inséré dans l'inventaire.

26-01-2023 14:16:08 :: INFO :: URL : https://sacavoyage.fr/en/Montpellier-dangerous-city-neighborhoods-to-avoid-in-Montpellier/

26-01-2023 14:16:10 :: INFO :: Document sauvegardé.
26-01-2023 14:16:10 :: INFO :: Document web converti en texte brut.
26-01-2023 14:16:10 :: INFO :: Texte nettoyé.

26-01-2023 14:16:10 :: INFO :: Document inséré dans l'inventaire.

26-01-2023 14:16:10 :: INFO :: URL : https://www.belle-deco.fr/quels-sont-les-quartiers-a-eviter-a-montpellier/

26-01-2023 14:16:10 :: INFO :: Le document existe déjà.

26-01-2023 14:16:10 :: INFO :: URL : https://www.montpellier.fr/4650-les-risques-et-menaces.htm

26-01-2023 14:16:10 :: INFO :: Document sauvegardé.
26-01-2023 14:16:11 :: INFO :: Document web converti en texte brut.
26-01-2023 14:16:11 :: INFO :: Texte nettoyé.

26-01-2023 14:16:11 :: INFO :: Document inséré dans l'inventaire.

26-01-2023 14:16:11 :: INFO :: ***********************************************************************

26-01-2023 14:16:11 :: INFO :: 26-01-2023:14h16 : Nombre limite de requete atteint. Reprise du programme : 26-01-2023:14h16
